0 info it worked if it ends with ok
1 verbose cli [ 'node', '/usr/local/bin/npm', 'start' ]
2 info using npm@3.8.6
3 info using node@v0.12.7
4 verbose node symlink /usr/local/bin/node
5 verbose run-script [ 'prestart', 'start', 'poststart' ]
6 info lifecycle angular-quickstart@1.0.0~prestart: angular-quickstart@1.0.0
7 silly lifecycle angular-quickstart@1.0.0~prestart: no script for prestart, continuing
8 info lifecycle angular-quickstart@1.0.0~start: angular-quickstart@1.0.0
9 verbose lifecycle angular-quickstart@1.0.0~start: unsafe-perm in lifecycle true
10 verbose lifecycle angular-quickstart@1.0.0~start: PATH: /usr/local/lib/node_modules/npm/bin/node-gyp-bin:/Users/linneamellblom/Documents/quickstart-master/node_modules/.bin:/usr/local/bin:/Library/Frameworks/Python.framework/Versions/3.5/bin:/usr/local/bin:/usr/bin:/bin:/usr/sbin:/sbin:/opt/X11/bin
11 verbose lifecycle angular-quickstart@1.0.0~start: CWD: /Users/linneamellblom/Documents/quickstart-master
12 silly lifecycle angular-quickstart@1.0.0~start: Args: [ '-c', 'tsc && concurrently "tsc -w" "lite-server" ' ]
13 silly lifecycle angular-quickstart@1.0.0~start: Returned: code: 2  signal: null
14 info lifecycle angular-quickstart@1.0.0~start: Failed to exec start script
15 verbose stack Error: angular-quickstart@1.0.0 start: `tsc && concurrently "tsc -w" "lite-server" `
15 verbose stack Exit status 2
15 verbose stack     at EventEmitter.<anonymous> (/usr/local/lib/node_modules/npm/lib/utils/lifecycle.js:239:16)
15 verbose stack     at EventEmitter.emit (events.js:110:17)
15 verbose stack     at ChildProcess.<anonymous> (/usr/local/lib/node_modules/npm/lib/utils/spawn.js:24:14)
15 verbose stack     at ChildProcess.emit (events.js:110:17)
15 verbose stack     at maybeClose (child_process.js:1015:16)
15 verbose stack     at Process.ChildProcess._handle.onexit (child_process.js:1087:5)
16 verbose pkgid angular-quickstart@1.0.0
17 verbose cwd /Users/linneamellblom/Documents/quickstart-master
18 error Darwin 14.3.0
19 error argv "node" "/usr/local/bin/npm" "start"
20 error node v0.12.7
21 error npm  v3.8.6
22 error code ELIFECYCLE
23 error angular-quickstart@1.0.0 start: `tsc && concurrently "tsc -w" "lite-server" `
23 error Exit status 2
24 error Failed at the angular-quickstart@1.0.0 start script 'tsc && concurrently "tsc -w" "lite-server" '.
24 error Make sure you have the latest version of node.js and npm installed.
24 error If you do, this is most likely a problem with the angular-quickstart package,
24 error not with npm itself.
24 error Tell the author that this fails on your system:
24 error     tsc && concurrently "tsc -w" "lite-server"
24 error You can get information on how to open an issue for this project with:
24 error     npm bugs angular-quickstart
24 error Or if that isn't available, you can get their info via:
24 error     npm owner ls angular-quickstart
24 error There is likely additional logging output above.
25 verbose exit [ 1, true ]
